Arguments: 
  C:\Program Files\nodejs\node.exe C:\Users\bango\AppData\Roaming\npm\node_modules\yarn\bin\yarn.js add styled-compents

PATH: 
  C:\WINDOWS\system32;C:\WINDOWS;C:\WINDOWS\System32\Wbem;C:\WINDOWS\System32\WindowsPowerShell\v1.0\;C:\WINDOWS\System32\OpenSSH\;C:\Program Files\Git\cmd;C:\Program Files\nodejs\;C:\Users\bango\AppData\Local\Microsoft\WindowsApps;C:\Users\bango\AppData\Local\Programs\Microsoft VS Code\bin;C:\Users\bango\AppData\Local\gitkraken\bin;C:\Users\bango\AppData\Roaming\npm;C:\Users\bango\AppData\Local\Programs\mongosh\

Yarn version: 
  1.22.11

Node version: 
  14.17.0

Platform: 
  win32 x64

Trace: 
  Error: https://registry.yarnpkg.com/styled-compents: Not found
      at Request.params.callback [as _callback] (C:\Users\bango\AppData\Roaming\npm\node_modules\yarn\lib\cli.js:66992:18)
      at Request.self.callback (C:\Users\bango\AppData\Roaming\npm\node_modules\yarn\lib\cli.js:140763:22)
      at Request.emit (events.js:376:20)
      at Request.<anonymous> (C:\Users\bango\AppData\Roaming\npm\node_modules\yarn\lib\cli.js:141735:10)
      at Request.emit (events.js:376:20)
      at IncomingMessage.<anonymous> (C:\Users\bango\AppData\Roaming\npm\node_modules\yarn\lib\cli.js:141657:12)
      at Object.onceWrapper (events.js:482:28)
      at IncomingMessage.emit (events.js:388:22)
      at endReadableNT (internal/streams/readable.js:1336:12)
      at processTicksAndRejections (internal/process/task_queues.js:82:21)

npm manifest: 
  No manifest

yarn manifest: 
  No manifest

Lockfile: 
  No lockfile
